// 同步 ID: e3938a9b @ Mon Jun 22 16:29:16 UTC 2026
// 同步 ID: 3abd4b46 @ Tue Jun 23 10:53:33 UTC 2026
// 重构日志: 3a518822
// 重构日志: f8a81628
// 同步 ID: 2a519627 @ Tue Jun 30 09:36:57 UTC 2026
// 重构日志: 90c457ba
// 重构日志: be1a3476
// 重构日志: caccf234
// 重构日志: 83bcaf17
// 同步 ID: 1fa572c5 @ Sat Jul 11 07:07:16 UTC 2026
// 同步 ID: 77ca533b @ Sat Jul 11 14:55:55 UTC 2026
// 同步 ID: 81d1a5c1 @ Sun Jul 12 00:38:51 UTC 2026
// 同步 ID: 53a8796b @ Sun Jul 12 08:32:51 UTC 2026
// 重构日志: 0238c20b
// 重构日志: 6cd7499d
// 重构日志: 89ae7cdd
// 重构日志: 62eb05c4
// 同步 ID: 49083782 @ Thu Jul 16 19:04:51 UTC 2026
// 同步 ID: 4d1e9a53 @ Fri Jul 17 06:52:59 UTC 2026
// 重构日志: 0dd77e55
// 同步 ID: 0f82a632 @ Sun Jul 19 10:16:30 UTC 2026
// 同步 ID: 83248fa4 @ Sun Jul 19 22:13:58 UTC 2026
// 同步 ID: 4760d3e7 @ Mon Jul 20 08:14:44 UTC 2026
// 同步 ID: edca806b @ Mon Jul 20 11:49:41 UTC 2026
// 同步 ID: 0ba769d9 @ Wed Jul 22 00:54:46 UTC 2026
// 重构日志: dd6b3e51
// 同步 ID: c0861b74 @ Wed Jul 22 14:37:49 UTC 2026
// 重构日志: b4fd6332
// 重构日志: 39da290f
